Yubikey  was challenged with challenge 02 and enrolled
Yubikey heflne was challenged with challenge 02 and enrolled
Yubikey heflne was challenged with challenge 02 and enrolled
Yubikey hefllt was challenged with challenge 02 and enrolled
Yubikey hefllt was challenged with challenge 02 and enrolled
Yubikey hefllt was challenged with challenge 02 and enrolled
Yubikey hefllt was challenged with challenge 02 and enrolled
Yubikey hefllt was challenged with challenge 02 and enrolled
Yubikey hefllt was challenged with challenge 00 and enrolled with YUBI slot 2 and LUKS slot 
Yubikey eiiind was challenged with challenge 00 and enrolled with YUBI slot 2 and LUKS slot 
Yubikey eiiind was challenged with challenge 02 and enrolled with YUBI slot 2 and LUKS slot Key slot 6 created.
Command successful.
Yubikey heflne was challenged with challenge 01 and enrolled with YUBI slot 2 and LUKS slot Key slot 0 unlocked.
Command failed with code -1 (wrong or missing parameters).
Yubikey heflne was challenged with challenge 01 and enrolled with YUBI slot 2 and LUKS slot Key slot 0 unlocked.
Command failed with code -1 (wrong or missing parameters).
Yubikey heflne was challenged with challenge 01 and enrolled with YUBI slot 2 and LUKS slot Key slot 0 unlocked.
Key slot 1 created.
Command successful.
Yubikey hefllt was challenged with challenge 01 and enrolled with YUBI slot 2 and LUKS slot Key slot 0 unlocked.
Key slot 2 created.
Command successful.
Yubikey eiiind was challenged with challenge 01 and enrolled with YUBI slot 2 and LUKS slot Key slot 0 unlocked.
Command failed with code -1 (wrong or missing parameters).
Yubikey eiiind was challenged with challenge 01 and enrolled with YUBI slot 2 and LUKS slot Key slot 0 unlocked.
Command failed with code -1 (wrong or missing parameters).
Yubikey eiiind was challenged with challenge 01 and enrolled with YUBI slot 2 and LUKS slot Key slot 0 unlocked.
Key slot 3 created.
Command successful.
